Transmitter/ToiletBeacon/app/build/intermediates/manifest_merge_blame_file/debug/manifest-merger-blame-debug-report.txt
1<?xml version="1.0" encoding="utf-8"?>
2<manifest xmlns:android="http://schemas.android.com/apk/res/android"
3    package="com.example.toiletbeacon"
4    android:versionCode="1"
5    android:versionName="1.0" >
6
7    <uses-sdk
8        android:minSdkVersion="28"
8-->src\main\AndroidManifest.xml
9        android:targetSdkVersion="28" />
9-->src\main\AndroidManifest.xml
10
11    <uses-permission
11-->[org.altbeacon:android-beacon-library:2.16.3] AndroidManifest.xml:11:5-13:36
12        android:name="android.permission.BLUETOOTH"
12-->[org.altbeacon:android-beacon-library:2.16.3] AndroidManifest.xml:12:9-52
13        android:required="false" />
13-->[org.altbeacon:android-beacon-library:2.16.3] AndroidManifest.xml:13:9-33
14    <uses-permission
14-->[org.altbeacon:android-beacon-library:2.16.3] AndroidManifest.xml:14:5-16:36
15        android:name="android.permission.BLUETOOTH_ADMIN"
15-->[org.altbeacon:android-beacon-library:2.16.3] AndroidManifest.xml:15:9-58
16        android:required="false" />
16-->[org.altbeacon:android-beacon-library:2.16.3] AndroidManifest.xml:16:9-33
17    <uses-permission android:name="android.permission.RECEIVE_BOOT_COMPLETED" />
17-->[org.altbeacon:android-beacon-library:2.16.3] AndroidManifest.xml:17:5-81
17-->[org.altbeacon:android-beacon-library:2.16.3] AndroidManifest.xml:17:22-78
18    <uses-permission android:name="android.permission.ACCESS_COARSE_LOCATION" />
18-->[org.altbeacon:android-beacon-library:2.16.3] AndroidManifest.xml:18:5-81
18-->[org.altbeacon:android-beacon-library:2.16.3] AndroidManifest.xml:18:22-78
19
20    <application
20-->src\main\AndroidManifest.xml:5:5-19:19
21        android:allowBackup="true"
21-->src\main\AndroidManifest.xml:6:9-35
22        android:appComponentFactory="androidx.core.app.CoreComponentFactory"
22-->[androidx.core:core:1.0.1] AndroidManifest.xml:22:18-86
23        android:debuggable="true"
24        android:icon="@mipmap/ic_launcher"
24-->src\main\AndroidManifest.xml:7:9-43
25        android:label="@string/app_name"
25-->src\main\AndroidManifest.xml:8:9-41
26        android:roundIcon="@mipmap/ic_launcher_round"
26-->src\main\AndroidManifest.xml:9:9-54
27        android:supportsRtl="true"
27-->src\main\AndroidManifest.xml:10:9-35
28        android:theme="@style/AppTheme" >
28-->src\main\AndroidManifest.xml:11:9-40
29        <activity android:name="com.example.toiletbeacon.MainActivity" >
29-->src\main\AndroidManifest.xml:12:9-18:20
29-->src\main\AndroidManifest.xml:12:19-47
30            <intent-filter>
30-->src\main\AndroidManifest.xml:13:13-17:29
31                <action android:name="android.intent.action.MAIN" />
31-->src\main\AndroidManifest.xml:14:17-69
31-->src\main\AndroidManifest.xml:14:25-66
32
33                <category android:name="android.intent.category.LAUNCHER" />
33-->src\main\AndroidManifest.xml:16:17-77
33-->src\main\AndroidManifest.xml:16:27-74
34            </intent-filter>
35        </activity>
36
37        <receiver android:name="org.altbeacon.beacon.startup.StartupBroadcastReceiver" >
37-->[org.altbeacon:android-beacon-library:2.16.3] AndroidManifest.xml:21:9-27:20
37-->[org.altbeacon:android-beacon-library:2.16.3] AndroidManifest.xml:21:19-87
38            <intent-filter>
38-->[org.altbeacon:android-beacon-library:2.16.3] AndroidManifest.xml:22:13-26:29
39                <action android:name="android.intent.action.BOOT_COMPLETED" />
39-->[org.altbeacon:android-beacon-library:2.16.3] AndroidManifest.xml:23:17-79
39-->[org.altbeacon:android-beacon-library:2.16.3] AndroidManifest.xml:23:25-76
40                <action android:name="android.intent.action.ACTION_POWER_CONNECTED" />
40-->[org.altbeacon:android-beacon-library:2.16.3] AndroidManifest.xml:24:17-87
40-->[org.altbeacon:android-beacon-library:2.16.3] AndroidManifest.xml:24:25-84
41                <action android:name="android.intent.action.ACTION_POWER_DISCONNECTED" />
41-->[org.altbeacon:android-beacon-library:2.16.3] AndroidManifest.xml:25:17-90
41-->[org.altbeacon:android-beacon-library:2.16.3] AndroidManifest.xml:25:25-87
42            </intent-filter>
43        </receiver>
44
45        <service
45-->[org.altbeacon:android-beacon-library:2.16.3] AndroidManifest.xml:29:9-34:38
46            android:name="org.altbeacon.beacon.service.BeaconService"
46-->[org.altbeacon:android-beacon-library:2.16.3] AndroidManifest.xml:30:13-70
47            android:enabled="true"
47-->[org.altbeacon:android-beacon-library:2.16.3] AndroidManifest.xml:31:13-35
48            android:exported="false"
48-->[org.altbeacon:android-beacon-library:2.16.3] AndroidManifest.xml:32:13-37
49            android:isolatedProcess="false"
49-->[org.altbeacon:android-beacon-library:2.16.3] AndroidManifest.xml:33:13-44
50            android:label="beacon" />
50-->[org.altbeacon:android-beacon-library:2.16.3] AndroidManifest.xml:34:13-35
51        <service
51-->[org.altbeacon:android-beacon-library:2.16.3] AndroidManifest.xml:35:9-38:40
52            android:name="org.altbeacon.beacon.BeaconIntentProcessor"
52-->[org.altbeacon:android-beacon-library:2.16.3] AndroidManifest.xml:36:13-70
53            android:enabled="true"
53-->[org.altbeacon:android-beacon-library:2.16.3] AndroidManifest.xml:37:13-35
54            android:exported="false" />
54-->[org.altbeacon:android-beacon-library:2.16.3] AndroidManifest.xml:38:13-37
55        <service
55-->[org.altbeacon:android-beacon-library:2.16.3] AndroidManifest.xml:39:9-48:19
56            android:name="org.altbeacon.beacon.service.ScanJob"
56-->[org.altbeacon:android-beacon-library:2.16.3] AndroidManifest.xml:40:13-64
57            android:permission="android.permission.BIND_JOB_SERVICE" >
57-->[org.altbeacon:android-beacon-library:2.16.3] AndroidManifest.xml:41:13-69
58            <meta-data
58-->[org.altbeacon:android-beacon-library:2.16.3] AndroidManifest.xml:42:13-44:45
59                android:name="immediateScanJobId"
59-->[org.altbeacon:android-beacon-library:2.16.3] AndroidManifest.xml:43:17-50
60                android:value="208352939" />
60-->[org.altbeacon:android-beacon-library:2.16.3] AndroidManifest.xml:44:17-42
61            <meta-data
61-->[org.altbeacon:android-beacon-library:2.16.3] AndroidManifest.xml:45:13-47:45
62                android:name="periodicScanJobId"
62-->[org.altbeacon:android-beacon-library:2.16.3] AndroidManifest.xml:46:17-49
63                android:value="208352940" />
63-->[org.altbeacon:android-beacon-library:2.16.3] AndroidManifest.xml:47:17-42
64        </service>
65        <service
65-->[org.altbeacon:android-beacon-library:2.16.3] AndroidManifest.xml:49:9-55:19
66            android:name="org.altbeacon.bluetooth.BluetoothTestJob"
66-->[org.altbeacon:android-beacon-library:2.16.3] AndroidManifest.xml:50:13-68
67            android:permission="android.permission.BIND_JOB_SERVICE" >
67-->[org.altbeacon:android-beacon-library:2.16.3] AndroidManifest.xml:51:13-69
68            <meta-data
68-->[org.altbeacon:android-beacon-library:2.16.3] AndroidManifest.xml:52:13-54:46
69                android:name="jobId"
69-->[org.altbeacon:android-beacon-library:2.16.3] AndroidManifest.xml:53:17-37
70                android:value="1799803768" />
70-->[org.altbeacon:android-beacon-library:2.16.3] AndroidManifest.xml:54:17-43
71        </service>
72    </application>
73
74</manifest>